* ******************************************************************************

* iCEcube Packer

* Version:            2020.12.27943

* Build Date:         Dec  9 2020 17:31:51

* File Generated:     Nov 1 2023 13:47:54

* Purpose:            General info of design implementation

* Copyright (C) 2006-2010 by Lattice Semiconductor Corp. All rights reserved.

* ******************************************************************************

Command Line: E:\LatticeSemiconductor\sbt_backend\bin\win32\opt\packer.exe  E:\LatticeSemiconductor\sbt_backend\devices\ICE40P01.dev  E:/LatticeSemiconductor/sbt_backend/Projects/nanoICE40_BLINK/nanoICE40_BLINK_Implmnt\sbt\netlist\oadb-main  --package  VQ100  --outdir  E:/LatticeSemiconductor/sbt_backend/Projects/nanoICE40_BLINK/nanoICE40_BLINK_Implmnt\sbt\outputs\packer  --translator  E:\LatticeSemiconductor\sbt_backend\bin\sdc_translator.tcl  --src_sdc_file  E:/LatticeSemiconductor/sbt_backend/Projects/nanoICE40_BLINK/nanoICE40_BLINK_Implmnt\sbt\outputs\placer\main_pl.sdc  --dst_sdc_file  E:/LatticeSemiconductor/sbt_backend/Projects/nanoICE40_BLINK/nanoICE40_BLINK_Implmnt\sbt\outputs\packer\main_pk.sdc  --devicename  iCE40HX1K  

***** Device Info *****
Chip: iCE40HX1K
Package: VQ100
Size: 12 X 16

***** Design Utilization Info *****
Design: main
Used Logic Cell: 26/1280
Used Logic Tile: 5/160
Used IO Cell:    10/112
Used Bram Cell For iCE40: 0/16
Used PLL For iCE40: 0/0
Ram Cascading Used: 0
Lut Cascading Used: 0

***** Clock Info *****
Clock Domain: clk_out_c_c
Clock Source: clk_in 
Clock Driver: clk_out_c_pad (ICE_GB_IO)
Driver Position: (7, 0, 0)
Fanout to FF: 26
Fanout to Tile: 5


***** Placement Info *****
Logic cell utilization per tile
    . . . . + . . . . 1 . . . . 
   ----------------------------
17|                             
16|   1 0 0 0 0 0 0 0 0 0 0 0   
15|   0 0 0 0 0 0 0 0 0 0 0 0   
14|   0 0 0 0 0 0 0 0 0 0 0 0   
13|   0 0 0 0 0 0 0 0 0 0 0 0   
12|   0 0 0 0 0 0 0 0 0 0 0 0   
11|   0 0 0 0 0 0 0 0 0 0 0 0   
10|   0 0 0 0 0 0 0 0 0 0 0 0   
 9|   0 0 0 0 0 0 0 0 0 0 0 0   
 8|   0 0 0 0 0 0 0 0 0 0 0 0   
 7|   0 0 0 0 0 0 0 0 0 0 0 0   
 6|   0 0 0 0 0 0 0 0 0 0 0 0   
 5|   0 0 0 0 0 0 0 0 0 0 0 0   
 4|   0 0 0 0 0 0 0 0 0 0 0 0   
 3|   0 0 0 1 8 0 0 0 0 0 0 0   
 2|   0 0 0 0 8 0 0 0 0 0 0 0   
 1|   0 0 0 0 8 0 0 0 0 0 0 0   
 0|                             

Maximum number of Logic cells per logic tile: 8
Average number of Logic cells per logic tile: 5.20

***** Input Pin Density Info *****
Number of input nets per logic tile
     .  .  .  .  +  .  .  .  .  1  .  .  .  . 
   ------------------------------------------
17|                                           
16|     1  0  0  0  0  0  0  0  0  0  0  0    
15|     0  0  0  0  0  0  0  0  0  0  0  0    
14|     0  0  0  0  0  0  0  0  0  0  0  0    
13|     0  0  0  0  0  0  0  0  0  0  0  0    
12|     0  0  0  0  0  0  0  0  0  0  0  0    
11|     0  0  0  0  0  0  0  0  0  0  0  0    
10|     0  0  0  0  0  0  0  0  0  0  0  0    
 9|     0  0  0  0  0  0  0  0  0  0  0  0    
 8|     0  0  0  0  0  0  0  0  0  0  0  0    
 7|     0  0  0  0  0  0  0  0  0  0  0  0    
 6|     0  0  0  0  0  0  0  0  0  0  0  0    
 5|     0  0  0  0  0  0  0  0  0  0  0  0    
 4|     0  0  0  0  0  0  0  0  0  0  0  0    
 3|     0  0  0  1 16  0  0  0  0  0  0  0    
 2|     0  0  0  0 16  0  0  0  0  0  0  0    
 1|     0  0  0  0 16  0  0  0  0  0  0  0    
 0|                                           

Maximum number of input nets per logic tile: 16
Average number of input nets per logic tile: 10.00

Number of input pins per logic tile
     .  .  .  .  +  .  .  .  .  1  .  .  .  . 
   ------------------------------------------
17|                                           
16|     1  0  0  0  0  0  0  0  0  0  0  0    
15|     0  0  0  0  0  0  0  0  0  0  0  0    
14|     0  0  0  0  0  0  0  0  0  0  0  0    
13|     0  0  0  0  0  0  0  0  0  0  0  0    
12|     0  0  0  0  0  0  0  0  0  0  0  0    
11|     0  0  0  0  0  0  0  0  0  0  0  0    
10|     0  0  0  0  0  0  0  0  0  0  0  0    
 9|     0  0  0  0  0  0  0  0  0  0  0  0    
 8|     0  0  0  0  0  0  0  0  0  0  0  0    
 7|     0  0  0  0  0  0  0  0  0  0  0  0    
 6|     0  0  0  0  0  0  0  0  0  0  0  0    
 5|     0  0  0  0  0  0  0  0  0  0  0  0    
 4|     0  0  0  0  0  0  0  0  0  0  0  0    
 3|     0  0  0  1 16  0  0  0  0  0  0  0    
 2|     0  0  0  0 16  0  0  0  0  0  0  0    
 1|     0  0  0  0 16  0  0  0  0  0  0  0    
 0|                                           

Maximum number of input pins per logic tile: 16
Average number of input pins per logic tile: 10.00

***** Run Time Info *****
Run Time:  0
